Log file open, 08/20/23 10:40:58
LogInit:Display: Running engine for game: AdvFresnelSegment
LogPlatformFile: Not using cached read wrapper
LogInit:Display: RandInit(1540445550) SRandInit(1540445551).
LogTaskGraph: Started task graph with 5 named threads and 16 total threads with 1 sets of task threads.
LogStats: Stats thread started at 0.206415
LogInit: Using libcurl 7.47.1
LogInit:  - built for x86_64-pc-win32
LogInit:  - supports SSL with OpenSSL/1.0.2g
LogInit:  - supports HTTP deflate (compression) using libz 1.2.8
LogInit:  - other features:
LogInit:      CURL_VERSION_SSL
LogInit:      CURL_VERSION_LIBZ
LogInit:      CURL_VERSION_IPV6
LogInit:      CURL_VERSION_ASYNCHDNS
LogInit:      CURL_VERSION_LARGEFILE
LogInit:      CURL_VERSION_IDN
LogInit:  CurlRequestOptions (configurable via config and command line):
LogInit:  - bVerifyPeer = false  - Libcurl will NOT verify peer certificate
LogInit:  - bUseHttpProxy = false  - Libcurl will NOT use HTTP proxy
LogInit:  - bDontReuseConnections = false  - Libcurl will reuse connections
LogInit:  - CertBundlePath = nullptr  - Libcurl will use whatever was configured at build time.
LogInit: Build: ++UE4+Release-4.15-CL-3450819
LogInit: Engine Version: 4.15.3-3450819+++UE4+Release-4.15
LogInit: Compatible Engine Version: 4.15.0-3299760+++UE4+Release-4.15
LogInit: Net CL: 3299760
LogDevObjectVersion: Number of dev versions registered: 14
LogDevObjectVersion:   Dev-Blueprints (B0D832E4-1F89-4F0D-ACCF-7EB736FD4AA2): 8
LogDevObjectVersion:   Dev-Build (E1C64328-A22C-4D53-A36C-8E866417BD8C): 0
LogDevObjectVersion:   Dev-Core (375EC13C-06E4-48FB-B500-84F0262A717E): 2
LogDevObjectVersion:   Dev-Editor (E4B068ED-F494-42E9-A231-DA0B2E46BB41): 14
LogDevObjectVersion:   Dev-Framework (CFFC743F-43B0-4480-9391-14DF171D2073): 22
LogDevObjectVersion:   Dev-Mobile (B02B49B5-BB20-44E9-A304-32B752E40360): 0
LogDevObjectVersion:   Dev-Networking (A4E4105C-59A1-49B5-A7C5-40C4547EDFEE): 0
LogDevObjectVersion:   Dev-Online (39C831C9-5AE6-47DC-9A44-9C173E1C8E7C): 0
LogDevObjectVersion:   Dev-Physics (78F01B33-EBEA-4F98-B9B4-84EACCB95AA2): 0
LogDevObjectVersion:   Dev-Platform (6631380F-2D4D-43E0-8009-CF276956A95A): 0
LogDevObjectVersion:   Dev-Rendering (12F88B9F-8875-4AFC-A67C-D90C383ABD29): 12
LogDevObjectVersion:   Dev-Sequencer (7B5AE74C-D270-4C10-A958-57980B212A5A): 3
LogDevObjectVersion:   Dev-VR (D7296918-1DD6-4BDD-9DE2-64A83CC13884): 0
LogDevObjectVersion:   Dev-LoadTimes (C2A15278-BFE7-4AFE-6C17-90FF531DF755): 1
LogInit: Compiled (64-bit): May 21 2017 11:02:34
LogInit: Compiled with Visual C++: 19.00.23026.00
LogInit: Build Configuration: Development
LogInit: Branch Name: ++UE4+Release-4.15
LogInit: Command line:  
LogInit: Base directory: E:/UE4/UE_4.15/Engine/Binaries/Win64/
LogInit: Installed Engine Build: 1
LogInit: Presizing for max 8388607 objects, including 0 objects not considered by GC, pre-allocating 0 bytes for permanent pool.
LogInit: Object subsystem initialized
[2023.08.20-14.40.58:874][  0]LogInit: Selected Device Profile: [Windows]
[2023.08.20-14.40.58:874][  0]LogInit: Applying CVar settings loaded from the selected device profile: [Windows]
[2023.08.20-14.40.58:876][  0]LogInit: Computer: PCHOME
[2023.08.20-14.40.58:876][  0]LogInit: User: PCHOME
[2023.08.20-14.40.58:876][  0]LogInit: CPU Page size=65536, Cores=12
[2023.08.20-14.40.58:876][  0]LogInit: High frequency timer resolution =10.000000 MHz
[2023.08.20-14.40.58:876][  0]LogMemory: Memory total: Physical=127.9GB (128GB approx)
[2023.08.20-14.40.58:876][  0]LogMemory: Platform Memory Stats for Windows
[2023.08.20-14.40.58:876][  0]LogMemory: Process Physical Memory: 267.72 MB used, 267.72 MB peak
[2023.08.20-14.40.58:876][  0]LogMemory: Process Virtual Memory: 265.98 MB used, 265.98 MB peak
[2023.08.20-14.40.58:876][  0]LogMemory: Physical Memory: 18471.04 MB used,  112486.50 MB free, 130957.54 MB total
[2023.08.20-14.40.58:876][  0]LogMemory: Virtual Memory: 4783.80 MB used,  112486.50 MB free, 134217728.00 MB total
[2023.08.20-14.40.58:926][  0]LogTextLocalizationManager: No specific translations for ('en-US') exist, so ('en') translations will be used.
[2023.08.20-14.40.59:210][  0]LogD3D11RHI: D3D11 adapters:
[2023.08.20-14.40.59:298][  0]LogD3D11RHI:    0. 'NVIDIA GeForce RTX 3060' (Feature Level 11_0)
[2023.08.20-14.40.59:298][  0]LogD3D11RHI:       12129/0/65478 MB DedicatedVideo/DedicatedSystem/SharedSystem, Outputs:3, VendorId:0x10de
[2023.08.20-14.40.59:299][  0]LogD3D11RHI:    1. 'Microsoft Basic Render Driver' (Feature Level 11_0)
[2023.08.20-14.40.59:299][  0]LogD3D11RHI:       0/0/65478 MB DedicatedVideo/DedicatedSystem/SharedSystem, Outputs:0, VendorId:0x1414
[2023.08.20-14.40.59:299][  0]LogD3D11RHI: Chosen D3D11 Adapter: 0
[2023.08.20-14.40.59:305][  0]LogD3D11RHI: Creating new Direct3DDevice
[2023.08.20-14.40.59:305][  0]LogD3D11RHI:     GPU DeviceId: 0x2504 (for the marketing name, search the web for "GPU Device Id")
[2023.08.20-14.40.59:305][  0]LogWindows: EnumDisplayDevices:
[2023.08.20-14.40.59:305][  0]LogWindows:    0. 'NVIDIA GeForce RTX 3060' (P:1 D:1)
[2023.08.20-14.40.59:305][  0]LogWindows:    1. 'NVIDIA GeForce RTX 3060' (P:0 D:1)
[2023.08.20-14.40.59:305][  0]LogWindows:    2. 'NVIDIA GeForce RTX 3060' (P:0 D:1)
[2023.08.20-14.40.59:306][  0]LogWindows:    3. 'NVIDIA GeForce RTX 3060' (P:0 D:0)
[2023.08.20-14.40.59:306][  0]LogWindows: DebugString: GetVideoDriverDetailsInvalid PrimaryIsNotTheChoosenAdapter GetVideoDriverDetailsInvalid PrimaryIsNotTheChoosenAdapter GetVideoDriverDetailsInvalid PrimaryIsNotTheChoosenAdapter GetVideoDriverDetailsInvalid PrimaryIsNotTheChoosenAdapter FoundDriverCount:0 
[2023.08.20-14.40.59:306][  0]LogD3D11RHI:     Adapter Name: NVIDIA GeForce RTX 3060
[2023.08.20-14.40.59:306][  0]LogD3D11RHI:   Driver Version: Unknown (internal:Unknown, unified:Unknown)
[2023.08.20-14.40.59:306][  0]LogD3D11RHI:      Driver Date: Unknown
[2023.08.20-14.40.59:306][  0]LogRHI: Texture pool is 1361 MB (70% of 1945 MB)
[2023.08.20-14.40.59:353][  0]LogD3D11RHI: Async texture creation enabled
[2023.08.20-14.40.59:369][  0]LogD3D11RHI: GPU Timing Frequency: 1000.000000 (Debug: 2 2)
[2023.08.20-14.40.59:370][  0]LogD3D11RHI: HDR output is supported on display 2 (NvId: 0x80061081).
[2023.08.20-14.40.59:370][  0]LogShaderCompilers: Guid format shader working directory is -44 characters bigger than the processId version (../../../../../unrealcloud/AdvancedFresnelSegment/AdvancedFresnelSegment/AdvFresnelSegment/Intermediate/Shaders/WorkingDirectory/29952/).
[2023.08.20-14.40.59:370][  0]LogShaderCompilers: Cleaned the shader compiler working directory 'C:/Users/PCHOME/AppData/Local/Temp/UnrealShaderWorkingDir/75053FA14E6D85B6C8064DB771A7872E/'.
[2023.08.20-14.40.59:370][  0]LogShaderCompilers:Display: Using Local Shader Compiler.
[2023.08.20-14.40.59:875][  0]LogTemp:Display: Loaded TP AllDesktopTargetPlatform
[2023.08.20-14.40.59:895][  0]LogTemp:Display: Loaded TP MacClientTargetPlatform
[2023.08.20-14.40.59:915][  0]LogTemp:Display: Loaded TP MacNoEditorTargetPlatform
[2023.08.20-14.40.59:934][  0]LogTemp:Display: Loaded TP MacServerTargetPlatform
[2023.08.20-14.40.59:954][  0]LogTemp:Display: Loaded TP MacTargetPlatform
[2023.08.20-14.40.59:972][  0]LogTemp:Display: Loaded TP WindowsClientTargetPlatform
[2023.08.20-14.40.59:990][  0]LogTemp:Display: Loaded TP WindowsNoEditorTargetPlatform
[2023.08.20-14.41.00:008][  0]LogTemp:Display: Loaded TP WindowsServerTargetPlatform
[2023.08.20-14.41.00:023][  0]LogTemp:Display: Loaded TP WindowsTargetPlatform
[2023.08.20-14.41.00:043][  0]LogTemp:Display: Loaded TP AndroidTargetPlatform
[2023.08.20-14.41.00:062][  0]LogTemp:Display: Loaded TP Android_ASTCTargetPlatform
[2023.08.20-14.41.00:081][  0]LogTemp:Display: Loaded TP Android_ATCTargetPlatform
[2023.08.20-14.41.00:101][  0]LogTemp:Display: Loaded TP Android_DXTTargetPlatform
[2023.08.20-14.41.00:119][  0]LogTemp:Display: Loaded TP Android_ETC1TargetPlatform
[2023.08.20-14.41.00:138][  0]LogTemp:Display: Loaded TP Android_ETC2TargetPlatform
[2023.08.20-14.41.00:175][  0]LogTemp:Display: Loaded TP Android_MultiTargetPlatform
[2023.08.20-14.41.00:175][  0]LogTemp:Display: Loaded TP Android_PVRTCTargetPlatform
[2023.08.20-14.41.00:186][  0]LogTemp:Display: Loaded TP HTML5TargetPlatform
[2023.08.20-14.41.00:232][  0]LogTemp:Display: Loaded TP IOSTargetPlatform
[2023.08.20-14.41.00:244][  0]LogTemp:Display: Loaded TP TVOSTargetPlatform
[2023.08.20-14.41.00:263][  0]LogTemp:Display: Loaded TP LinuxClientTargetPlatform
[2023.08.20-14.41.00:282][  0]LogTemp:Display: Loaded TP LinuxNoEditorTargetPlatform
[2023.08.20-14.41.00:302][  0]LogTemp:Display: Loaded TP LinuxServerTargetPlatform
[2023.08.20-14.41.00:321][  0]LogTemp:Display: Loaded TP LinuxTargetPlatform
[2023.08.20-14.41.00:321][  0]LogTargetPlatformManager:Display: Building Assets For Windows
[2023.08.20-14.41.00:448][  0]LogDerivedDataCache:Display: Max Cache Size: 512 MB
[2023.08.20-14.41.00:479][  0]LogDerivedDataCache: Loaded boot cache 0.03s 60MB C:/Users/PCHOME/AppData/Local/UnrealEngine/4.15/DerivedDataCache/Boot.ddc.
[2023.08.20-14.41.00:479][  0]LogDerivedDataCache:Display: Loaded Boot cache: C:/Users/PCHOME/AppData/Local/UnrealEngine/4.15/DerivedDataCache/Boot.ddc
[2023.08.20-14.41.00:479][  0]LogDerivedDataCache: FDerivedDataBackendGraph:  Pak pak cache file ../../../../../unrealcloud/AdvancedFresnelSegment/AdvancedFresnelSegment/AdvFresnelSegment/DerivedDataCache/DDC.ddp not found, will not use a pak cache.
[2023.08.20-14.41.00:479][  0]LogDerivedDataCache: Unable to find inner node Pak for hierarchical cache Hierarchy.
[2023.08.20-14.41.00:479][  0]LogDerivedDataCache: FDerivedDataBackendGraph:  CompressedPak pak cache file ../../../../../unrealcloud/AdvancedFresnelSegment/AdvancedFresnelSegment/AdvFresnelSegment/DerivedDataCache/Compressed.ddp not found, will not use a pak cache.
[2023.08.20-14.41.00:479][  0]LogDerivedDataCache: Unable to find inner node CompressedPak for hierarchical cache Hierarchy.
[2023.08.20-14.41.00:487][  0]LogDerivedDataCache:Display: Pak cache opened for reading ../../../Engine/DerivedDataCache/Compressed.ddp.
[2023.08.20-14.41.00:499][  0]LogDerivedDataCache: Using Local data cache path C:/Users/PCHOME/AppData/Local/UnrealEngine/Common/DerivedDataCache: Writable
[2023.08.20-14.41.00:504][  0]LogSlate: Using Freetype 2.6.0
[2023.08.20-14.41.00:504][  0]LogSlate: SlateFontCache - WITH_FREETYPE: 1, WITH_HARFBUZZ: 1
[2023.08.20-14.41.00:504][  0]LogSlate: SlateFontCache - WITH_FREETYPE: 1, WITH_HARFBUZZ: 1
[2023.08.20-14.41.00:624][  0]LogInit: Selected Device Profile: [Windows]
[2023.08.20-14.41.00:626][  0]LogContentStreaming: Texture pool size is 0.00 MB
[2023.08.20-14.41.00:704][  0]LogMeshUtilities: Using QuadricMeshReduction for automatic static mesh reduction
[2023.08.20-14.41.00:718][  0]LogSimplygon: Simplygon DLL not present - disabling.
[2023.08.20-14.41.00:731][  0]LogMeshUtilities: Using SimplygonSwarm for distributed automatic mesh merging
[2023.08.20-14.41.00:731][  0]LogMeshUtilities: No automatic skeletal mesh reduction module available
[2023.08.20-14.41.00:731][  0]LogMeshUtilities: No automatic mesh merging module available
[2023.08.20-14.41.00:965][  0]LogNetVersion: GetLocalNetworkVersion: CL: 3299760, ProjectName: advfresnelsegment, ProjectVersion: , EngineNetworkVersion: 2, GameNetworkVersion: 0, NetworkChecksum: 3349545568
[2023.08.20-14.41.00:995][  0]LogAssetRegistry: FAssetRegistry took 0.0216 seconds to start up
[2023.08.20-14.41.01:009][  0]LogPackageLocalizationCache: Processed 3 localized package path(s) for 2 prioritized culture(s) in 0.007535 seconds
[2023.08.20-14.41.01:011][  0]LogUObjectArray: 32493 objects as part of root set at end of initial load.
[2023.08.20-14.41.01:011][  0]LogUObjectAllocator: 7077032 out of 0 bytes used by permanent object pool.
[2023.08.20-14.41.01:011][  0]LogUObjectArray: CloseDisregardForGC: 0/0 objects in disregard for GC pool
[2023.08.20-14.41.01:029][  0]LogInit: WinSock: version 1.1 (2.2), MaxSocks=32767, MaxUdp=65467
[2023.08.20-14.41.01:606][  0]LogTcpMessaging: Initializing TcpMessaging bridge
[2023.08.20-14.41.01:625][  0]LogUdpMessaging: Initializing bridge on interface 0.0.0.0:0 to multicast group 230.0.0.1:6666.
[2023.08.20-14.41.01:799][  0]LogMaterial: Uniform references updated for custom material expression Custom.
[2023.08.20-14.41.01:916][  0]SourceControl: Info Source control is disabled
[2023.08.20-14.41.01:982][  0]SourceControl: Info Source control is disabled
[2023.08.20-14.41.01:996][  0]SourceControl: Info Source control is disabled
[2023.08.20-14.41.02:009][  0]SourceControl: Info Source control is disabled
[2023.08.20-14.41.02:380][  0]LogEngine: Initializing Engine...
[2023.08.20-14.41.02:380][  0]LogHMD: Failed to initialize OpenVR with code 110
[2023.08.20-14.41.02:428][  0]LogStats: UGameplayTagsManager::ConstructGameplayTagTree: Construct from data asset -  0.000 s
[2023.08.20-14.41.02:428][  0]LogStats: UGameplayTagsManager::ConstructGameplayTagTree: GameplayTagTreeChangedEvent.Broadcast -  0.000 s
[2023.08.20-14.41.02:462][  0]LogAIModule: Creating AISystem for world Untitled
[2023.08.20-14.41.02:476][  0]LogInit: XAudio2 using 'Speakers (Sound Blaster Audigy Fx)' : 6 channels at 48 kHz using 32 bits per sample (channel mask 0x3f)
[2023.08.20-14.41.02:487][  0]LogInit: FAudioDevice initialized.
[2023.08.20-14.41.02:504][  0]LogDerivedDataCache: Saved boot cache 0.02s 50MB C:/Users/PCHOME/AppData/Local/UnrealEngine/4.15/DerivedDataCache/Boot.ddc.
[2023.08.20-14.41.02:510][  0]LogInit: Texture streaming: Enabled
[2023.08.20-14.41.02:538][  0]LogEngineSessionManager: EngineSessionManager initialized
[2023.08.20-14.41.02:567][  0]LogInit: Transaction tracking system initialized
[2023.08.20-14.41.02:664][  0]BlueprintLog: New page: Editor Load
[2023.08.20-14.41.02:908][  0]LocalizationService: Info Localization service is disabled
[2023.08.20-14.41.03:105][  0]LogConsoleResponse:Display: 
[2023.08.20-14.41.03:155][  0]LogCook:Display: Max memory allowance for cook 16384mb min free memory 0mb
[2023.08.20-14.41.03:155][  0]LogCook:Display: Mobile HDR setting 1
[2023.08.20-14.41.03:457][  0]LogFileCache: Scanning file cache for directory 'E:/unrealcloud/AdvancedFresnelSegment/AdvancedFresnelSegment/AdvFresnelSegment/Content/' took 0.01s
[2023.08.20-14.41.03:457][  0]SourceControl: Info Source control is disabled
[2023.08.20-14.41.03:457][  0]Cmd: MAP LOAD FILE="../../../../../unrealcloud/AdvancedFresnelSegment/AdvancedFresnelSegment/AdvFresnelSegment/Content/StarterContent/Maps/Minimal_Default.umap" TEMPLATE=0 SHOWPROGRESS=1 FEATURELEVEL=3
[2023.08.20-14.41.03:457][  0]LogEditorServer:Warning: Can't find file '../../../../../unrealcloud/AdvancedFresnelSegment/AdvancedFresnelSegment/AdvFresnelSegment/Content/StarterContent/Maps/Minimal_Default.umap'
[2023.08.20-14.41.03:457][  0]Cmd: MAP CHECKDEP NOCLEARLOG
[2023.08.20-14.41.03:468][  0]MapCheck: Info Map check complete: 0 Error(s), 0 Warning(s), took 10.614ms to complete.
[2023.08.20-14.41.03:468][  0]LogFileHelpers: Loading map 'Minimal_Default' took 0.011
[2023.08.20-14.41.03:594][  0]LogCollectionManager: Loaded 0 collections in 0.000400 seconds
[2023.08.20-14.41.03:642][  0]LogFileCache: Scanning file cache for directory 'E:/unrealcloud/AdvancedFresnelSegment/AdvancedFresnelSegment/AdvFresnelSegment/Saved/Collections/' took 0.01s
[2023.08.20-14.41.03:642][  0]LogFileCache: Scanning file cache for directory 'E:/unrealcloud/AdvancedFresnelSegment/AdvancedFresnelSegment/AdvFresnelSegment/Content/Developers/PCHOME/Collections/' took 0.01s
[2023.08.20-14.41.03:642][  0]LogFileCache: Scanning file cache for directory 'E:/unrealcloud/AdvancedFresnelSegment/AdvancedFresnelSegment/AdvFresnelSegment/Content/Collections/' took 0.01s
[2023.08.20-14.41.03:642][  0]LogCollectionManager: Rebuilt the GUID cache for 0 collections in 0.000002 seconds
[2023.08.20-14.41.03:648][  0]LogContentBrowser: Native class hierarchy populated in 0.0050 seconds. Added 2245 classes and 453 folders.
[2023.08.20-14.41.03:668][  0]LogContentBrowser: Native class hierarchy updated for 'WidgetCarousel' in 0.0003 seconds. Added 0 classes and 0 folders.
[2023.08.20-14.41.03:683][  0]LogContentBrowser: Native class hierarchy updated for 'AddContentDialog' in 0.0002 seconds. Added 0 classes and 0 folders.
[2023.08.20-14.41.03:696][  0]LogContentBrowser: Native class hierarchy updated for 'SceneOutliner' in 0.0002 seconds. Added 1 classes and 2 folders.
[2023.08.20-14.41.03:715][  0]LogCrashTracker: Crashtracker disabled due to settings.
[2023.08.20-14.41.03:772][  0]LogContentBrowser: Native class hierarchy updated for 'HierarchicalLODOutliner' in 0.0003 seconds. Added 1 classes and 2 folders.
[2023.08.20-14.41.03:772][  0]LogLoad: (Engine Initialization) Total time: 6.33 seconds
[2023.08.20-14.41.03:772][  0]LogLoad: (Engine Initialization) Total Blueprint compile time: 0.01 seconds
[2023.08.20-14.41.03:772][  0]LogExternalProfiler: Found external profiler: VSPerf
[2023.08.20-14.41.03:772][  0]LogExternalProfiler: Using external profiler: VSPerf
[2023.08.20-14.41.03:782][  0]LogOcInput: OculusInput pre-init called
[2023.08.20-14.41.03:792][  0]LogAssetRegistry: Asset discovery search completed in 2.8199 seconds
[2023.08.20-14.41.03:792][  0]LogCollectionManager: Rebuilt the object cache for 0 collections in 0.000003 seconds (found 0 objects)
[2023.08.20-14.41.03:792][  0]LogCollectionManager: Fixed up redirectors for 0 collections in 0.000010 seconds (updated 0 objects)
[2023.08.20-14.41.03:796][  0]LogContentStreaming: Texture pool size now 1000 MB
[2023.08.20-14.41.03:800][  0]LogSlate: Took 0.000184 seconds to synchronously load lazily loaded font '../../../Engine/Content/Slate/Fonts/Roboto-Regular.ttf' (155K)
[2023.08.20-14.41.03:802][  0]LogSlate: Took 0.000183 seconds to synchronously load lazily loaded font '../../../Engine/Content/Slate/Fonts/Roboto-Bold.ttf' (160K)
[2023.08.20-14.41.03:804][  0]LogSlate: Took 0.000119 seconds to synchronously load lazily loaded font '../../../Engine/Content/Editor/Slate/Fonts/FontAwesome.ttf' (139K)
[2023.08.20-14.41.03:873][  0]LogSlate: Took 0.000077 seconds to synchronously load lazily loaded font '../../../Engine/Content/Slate/Fonts/Roboto-Light.ttf' (159K)
[2023.08.20-14.41.03:891][  0]LogRenderer: Reallocating scene render targets to support 1208x568 NumSamples 1 (Frame:2).
[2023.08.20-15.33.58:164][871]LogSlate: Took 0.000114 seconds to synchronously load lazily loaded font '../../../Engine/Content/Slate/Fonts/Roboto-Light.ttf' (159K)
[2023.08.20-15.33.58:220][871]LogAIModule: Creating AISystem for world overviewFresnel
[2023.08.20-15.33.58:238][871]LightingResults: New page: Lighting Build
[2023.08.20-15.33.58:250][871]LogContentBrowser: Native class hierarchy updated for 'StatsViewer' in 0.0003 seconds. Added 5 classes and 0 folders.
[2023.08.20-15.33.58:251][871]LoadErrors: New page: Loading map: overviewFresnel.umap
[2023.08.20-15.33.58:251][871]MapCheck: New page: Map Check
[2023.08.20-15.33.58:251][871]LightingResults: New page: Lighting Build
[2023.08.20-15.33.58:262][871]LogEditorServer: Finished looking for orphan Actors (0.000 secs)
[2023.08.20-15.33.58:268][871]Cmd: MAP CHECKDEP NOCLEARLOG
[2023.08.20-15.33.58:283][871]MapCheck: Info Map check complete: 0 Error(s), 0 Warning(s), took 14.948ms to complete.
[2023.08.20-15.33.58:283][871]LogFileHelpers: Loading map 'overviewFresnel' took 0.046
[2023.08.20-15.34.06:026][750]LogSlate: Only BGRA pngs, bmps or icos are supported in by External Image Picker
[2023.08.20-15.34.06:073][753]LogTemp:Display: Executing iPhonePackager certificates Engine -bundlename com.YourCompany.AdvFresnelSegment

[2023.08.20-15.34.06:073][753]LogTemp:Display: CWD: E:\UE4\UE_4.15\Engine\Binaries\DotNET\IOS

[2023.08.20-15.34.06:073][753]LogTemp:Display: Initial Dir: E:\UE4\UE_4.15

[2023.08.20-15.34.06:073][753]LogTemp:Display: Env CWD: E:\UE4\UE_4.15\Engine\Binaries\DotNET\IOS

[2023.08.20-15.34.06:073][753]LogTemp:Display: BranchPath = PCHOME/E/UE4/UE_4.15/Engine/Binaries --- GameBranchPath = PCHOME/E/UE4/UE_4.15/Engine/Binaries

[2023.08.20-15.34.06:079][753]LogTemp:Display: IPP ERROR: Application exception: System.IO.DirectoryNotFoundException: Could not find a part of the path 'C:\Users\PCHOME\AppData\Local\Apple Computer\MobileDevice\Provisioning Profiles'.

[2023.08.20-15.34.06:079][753]LogTemp:Display:    at System.IO.__Error.WinIOError(Int32 errorCode, String maybeFullPath)

[2023.08.20-15.34.06:079][753]LogTemp:Display:    at System.IO.FileSystemEnumerableIterator`1.CommonInit()

[2023.08.20-15.34.06:079][753]LogTemp:Display:    at System.IO.FileSystemEnumerableIterator`1..ctor(String path, String originalUserPath, String searchPattern, SearchOption searchOption, SearchResultHandler`1 resultHandler, Boolean checkHost)

[2023.08.20-15.34.06:079][753]LogTemp:Display:    at System.IO.Directory.EnumerateFiles(String path, String searchPattern)

[2023.08.20-15.34.06:079][753]LogTemp:Display:    at iPhonePackager.CodeSignatureBuilder.FindProvisions(String CFBundleIdentifier)

[2023.08.20-15.34.06:079][753]LogTemp:Display:    at iPhonePackager.Program.Main(String[] args)

[2023.08.20-15.34.39:887][482]LogSlate: Took 0.000103 seconds to synchronously load lazily loaded font '../../../Engine/Content/Slate/Fonts/Roboto-Light.ttf' (159K)
[2023.08.20-15.34.46:198][214]Cmd: QUIT_EDITOR
[2023.08.20-15.34.46:214][214]LogWindowsTextInputMethodSystem:Display: IME system now deactivated.
[2023.08.20-15.34.46:227][214]LogExit: Preparing to exit.
[2023.08.20-15.34.47:394][214]LogActorComponent: UnregisterComponent: (None.None) Not registered. Aborting.
[2023.08.20-15.34.47:394][214]LogActorComponent: UnregisterComponent: (None.None) Not registered. Aborting.
[2023.08.20-15.34.47:398][214]LogDirectoryWatcher: A directory notification for 'E:/unrealcloud/AdvancedFresnelSegment/AdvancedFresnelSegment/AdvFresnelSegment/Content/' was aborted.
[2023.08.20-15.34.47:408][214]LogExit: Editor shut down
[2023.08.20-15.34.47:408][214]LogExit: Transaction tracking system shut down
[2023.08.20-15.34.47:432][214]LogObj: Freed 0b from 0 cluster array pools.
[2023.08.20-15.34.47:432][214]LogExit: Object subsystem successfully closed.
[2023.08.20-15.34.47:442][214]LogD3D11RHI: Shutdown
[2023.08.20-15.34.47:442][214]LogD3D11RHI: CleanupD3DDevice
[2023.08.20-15.34.47:484][214]LogD3D11RHI: ~FD3D11DynamicRHI
[2023.08.20-15.34.47:487][214]LogModuleManager: Shutting down and abandoning module ExternalImagePicker (500)
[2023.08.20-15.34.47:487][214]LogModuleManager: Shutting down and abandoning module StatsViewer (498)
[2023.08.20-15.34.47:487][214]LogModuleManager: Shutting down and abandoning module HierarchicalLODOutliner (496)
[2023.08.20-15.34.47:487][214]LogModuleManager: Shutting down and abandoning module CrashTracker (494)
[2023.08.20-15.34.47:487][214]LogModuleManager: Shutting down and abandoning module SceneOutliner (492)
[2023.08.20-15.34.47:487][214]LogModuleManager: Shutting down and abandoning module AddContentDialog (490)
[2023.08.20-15.34.47:487][214]LogDirectoryWatcher: A directory notification for 'E:/UE4/UE_4.15/FeaturePacks/' was aborted.
[2023.08.20-15.34.47:488][214]LogModuleManager: Shutting down and abandoning module WidgetCarousel (489)
[2023.08.20-15.34.47:488][214]LogModuleManager: Shutting down and abandoning module EditorWidgets (486)
[2023.08.20-15.34.47:488][214]LogModuleManager: Shutting down and abandoning module CollectionManager (484)
[2023.08.20-15.34.47:488][214]LogDirectoryWatcher: A directory notification for 'E:/unrealcloud/AdvancedFresnelSegment/AdvancedFresnelSegment/AdvFresnelSegment/Content/Collections/' was aborted.
[2023.08.20-15.34.47:488][214]LogDirectoryWatcher: A directory notification for 'E:/unrealcloud/AdvancedFresnelSegment/AdvancedFresnelSegment/AdvFresnelSegment/Content/Developers/PCHOME/Collections/' was aborted.
[2023.08.20-15.34.47:488][214]LogDirectoryWatcher: A directory notification for 'E:/unrealcloud/AdvancedFresnelSegment/AdvancedFresnelSegment/AdvFresnelSegment/Saved/Collections/' was aborted.
[2023.08.20-15.34.47:488][214]LogModuleManager: Shutting down and abandoning module FoliageEdit (482)
[2023.08.20-15.34.47:488][214]LogModuleManager: Shutting down and abandoning module LandscapeEditor (480)
[2023.08.20-15.34.47:488][214]LogModuleManager: Shutting down and abandoning module SceneDepthPickerMode (478)
[2023.08.20-15.34.47:488][214]LogModuleManager: Shutting down and abandoning module ActorPickerMode (476)
[2023.08.20-15.34.47:488][214]LogModuleManager: Shutting down and abandoning module GeometryMode (474)
[2023.08.20-15.34.47:488][214]LogModuleManager: Shutting down and abandoning module TextureAlignMode (472)
[2023.08.20-15.34.47:488][214]LogModuleManager: Shutting down and abandoning module BspMode (470)
[2023.08.20-15.34.47:488][214]LogModuleManager: Shutting down and abandoning module HardwareSurvey (468)
[2023.08.20-15.34.47:488][214]LogModuleManager: Shutting down and abandoning module SequenceRecorderSections (466)
[2023.08.20-15.34.47:488][214]LogModuleManager: Shutting down and abandoning module AutomationWorker (464)
[2023.08.20-15.34.47:488][214]LogModuleManager: Shutting down and abandoning module MatineeToLevelSequence (462)
[2023.08.20-15.34.47:488][214]LogModuleManager: Shutting down and abandoning module LevelSequenceEditor (460)
[2023.08.20-15.34.47:489][214]LogModuleManager: Shutting down and abandoning module PlacementMode (459)
[2023.08.20-15.34.47:489][214]LogModuleManager: Shutting down and abandoning module WmfMediaFactory (456)
[2023.08.20-15.34.47:489][214]LogModuleManager: Shutting down and abandoning module WmfMediaEditor (454)
[2023.08.20-15.34.47:489][214]LogModuleManager: Shutting down and abandoning module MfMediaFactory (452)
[2023.08.20-15.34.47:489][214]LogModuleManager: Shutting down and abandoning module MfMediaEditor (450)
[2023.08.20-15.34.47:489][214]LogModuleManager: Shutting down and abandoning module AvfMediaFactory (448)
[2023.08.20-15.34.47:489][214]LogModuleManager: Shutting down and abandoning module AvfMediaEditor (446)
[2023.08.20-15.34.47:489][214]LogModuleManager: Shutting down and abandoning module AndroidMediaFactory (444)
[2023.08.20-15.34.47:489][214]LogModuleManager: Shutting down and abandoning module Media (443)
[2023.08.20-15.34.47:489][214]LogModuleManager: Shutting down and abandoning module AndroidMediaEditor (440)
[2023.08.20-15.34.47:489][214]LogModuleManager: Shutting down and abandoning module CharacterAI (438)
[2023.08.20-15.34.47:489][214]LogModuleManager: Shutting down and abandoning module AudioCapture (436)
[2023.08.20-15.34.47:489][214]LogModuleManager: Shutting down and abandoning module SequenceRecorder (435)
[2023.08.20-15.34.47:489][214]LogModuleManager: Shutting down and abandoning module SmartSnapping (432)
[2023.08.20-15.34.47:489][214]LogModuleManager: Shutting down and abandoning module SessionServices (430)
[2023.08.20-15.34.47:489][214]LogModuleManager: Shutting down and abandoning module ViewportSnapping (428)
[2023.08.20-15.34.47:489][214]LogModuleManager: Shutting down and abandoning module ViewportInteraction (426)
[2023.08.20-15.34.47:489][214]LogModuleManager: Shutting down and abandoning module LogVisualizer (424)
[2023.08.20-15.34.47:489][214]LogModuleManager: Shutting down and abandoning module IntroTutorials (422)
[2023.08.20-15.34.47:489][214]LogModuleManager: Shutting down and abandoning module GameProjectGeneration (421)
[2023.08.20-15.34.47:489][214]LogModuleManager: Shutting down and abandoning module EditorLiveStreaming (418)
[2023.08.20-15.34.47:489][214]LogModuleManager: Shutting down and abandoning module IOSPlatformEditor (416)
[2023.08.20-15.34.47:489][214]LogModuleManager: Shutting down and abandoning module HTML5PlatformEditor (414)
[2023.08.20-15.34.47:489][214]LogModuleManager: Shutting down and abandoning module AndroidPlatformEditor (412)
[2023.08.20-15.34.47:489][214]LogModuleManager: Shutting down and abandoning module AndroidDeviceDetection (411)
[2023.08.20-15.34.47:772][214]LogModuleManager: Shutting down and abandoning module IOSRuntimeSettings (408)
[2023.08.20-15.34.47:772][214]LogModuleManager: Shutting down and abandoning module AndroidRuntimeSettings (406)
[2023.08.20-15.34.47:772][214]LogModuleManager: Shutting down and abandoning module InputBindingEditor (404)
[2023.08.20-15.34.47:772][214]LogModuleManager: Shutting down and abandoning module NiagaraEditor (402)
[2023.08.20-15.34.47:772][214]LogModuleManager: Shutting down and abandoning module MergeActors (400)
[2023.08.20-15.34.47:772][214]LogModuleManager: Shutting down and abandoning module SizeMap (398)
[2023.08.20-15.34.47:772][214]LogModuleManager: Shutting down and abandoning module TreeMap (396)
[2023.08.20-15.34.47:772][214]LogModuleManager: Shutting down and abandoning module ReferenceViewer (394)
[2023.08.20-15.34.47:772][214]LogModuleManager: Shutting down and abandoning module LocalizationDashboard (392)
[2023.08.20-15.34.47:772][214]LogModuleManager: Shutting down and abandoning module LocalizationService (391)
[2023.08.20-15.34.47:772][214]LogModuleManager: Shutting down and abandoning module HardwareTargeting (388)
[2023.08.20-15.34.47:772][214]LogModuleManager: Shutting down and abandoning module DeviceProfileEditor (386)
[2023.08.20-15.34.47:772][214]LogModuleManager: Shutting down and abandoning module UndoHistory (384)
[2023.08.20-15.34.47:772][214]LogModuleManager: Shutting down and abandoning module UserFeedback (382)
[2023.08.20-15.34.47:772][214]LogModuleManager: Shutting down and abandoning module XmlParser (380)
[2023.08.20-15.34.47:772][214]LogModuleManager: Shutting down and abandoning module Blutility (378)
[2023.08.20-15.34.47:772][214]LogModuleManager: Shutting down and abandoning module ProjectSettingsViewer (376)
[2023.08.20-15.34.47:772][214]LogModuleManager: Shutting down and abandoning module ProjectTargetPlatformEditor (375)
[2023.08.20-15.34.47:773][214]LogModuleManager: Shutting down and abandoning module EditorSettingsViewer (372)
[2023.08.20-15.34.47:773][214]LogModuleManager: Shutting down and abandoning module SettingsEditor (370)
[2023.08.20-15.34.47:773][214]LogModuleManager: Shutting down and abandoning module ProjectLauncher (368)
[2023.08.20-15.34.47:773][214]LogModuleManager: Shutting down and abandoning module SessionFrontend (366)
[2023.08.20-15.34.47:773][214]LogModuleManager: Shutting down and abandoning module ProfilerClient (364)
[2023.08.20-15.34.47:773][214]LogModuleManager: Shutting down and abandoning module DeviceManager (362)
[2023.08.20-15.34.47:773][214]LogModuleManager: Shutting down and abandoning module TargetDeviceServices (361)
[2023.08.20-15.34.47:816][214]LogModuleManager: Shutting down and abandoning module AutomationController (358)
[2023.08.20-15.34.47:816][214]LogModuleManager: Shutting down and abandoning module AutomationWindow (356)
[2023.08.20-15.34.47:816][214]LogModuleManager: Shutting down and abandoning module Layers (354)
[2023.08.20-15.34.47:816][214]LogModuleManager: Shutting down and abandoning module ComponentVisualizers (352)
[2023.08.20-15.34.47:816][214]LogModuleManager: Shutting down and abandoning module DetailCustomizations (350)
[2023.08.20-15.34.47:816][214]LogModuleManager: Shutting down and abandoning module PackagesDialog (348)
[2023.08.20-15.34.47:816][214]LogModuleManager: Shutting down and abandoning module Persona (346)
[2023.08.20-15.34.47:816][214]LogModuleManager: Shutting down and abandoning module AnimGraph (345)
[2023.08.20-15.34.47:816][214]LogModuleManager: Shutting down and abandoning module Kismet (342)
[2023.08.20-15.34.47:816][214]LogModuleManager: Shutting down and abandoning module GraphEditor (340)
[2023.08.20-15.34.47:816][214]LogModuleManager: Shutting down and abandoning module ClassViewer (338)
[2023.08.20-15.34.47:816][214]LogModuleManager: Shutting down and abandoning module Toolbox (336)
[2023.08.20-15.34.47:816][214]LogModuleManager: Shutting down and abandoning module ModuleUI (334)
[2023.08.20-15.34.47:816][214]LogModuleManager: Shutting down and abandoning module MovieSceneTools (332)
[2023.08.20-15.34.47:816][214]LogModuleManager: Shutting down and abandoning module OutputLog (330)
[2023.08.20-15.34.47:816][214]LogModuleManager: Shutting down and abandoning module GammaUI (328)
[2023.08.20-15.34.47:816][214]LogModuleManager: Shutting down and abandoning module Documentation (326)
[2023.08.20-15.34.47:816][214]LogModuleManager: Shutting down and abandoning module Niagara (324)
[2023.08.20-15.34.47:816][214]LogModuleManager: Shutting down and abandoning module StreamingPauseRendering (322)
[2023.08.20-15.34.47:816][214]LogModuleManager: Shutting down and abandoning module AnalyticsET (320)
[2023.08.20-15.34.47:816][214]LogModuleManager: Shutting down and abandoning module PortalServices (318)
[2023.08.20-15.34.47:816][214]LogModuleManager: Shutting down and abandoning module PortalRpc (316)
[2023.08.20-15.34.47:816][214]LogModuleManager: Shutting down and abandoning module MessagingRpc (314)
[2023.08.20-15.34.47:816][214]LogModuleManager: Shutting down and abandoning module AIModule (312)
[2023.08.20-15.34.47:816][214]LogModuleManager: Shutting down and abandoning module GameplayDebugger (311)
[2023.08.20-15.34.47:816][214]LogModuleManager: Shutting down and abandoning module AITestSuite (309)
[2023.08.20-15.34.47:816][214]LogModuleManager: Shutting down and abandoning module ProfilerService (306)
[2023.08.20-15.34.48:055][214]LogModuleManager: Shutting down and abandoning module TaskGraph (304)
[2023.08.20-15.34.48:055][214]LogModuleManager: Shutting down and abandoning module SteamVRController (302)
[2023.08.20-15.34.48:055][214]LogModuleManager: Shutting down and abandoning module SteamVR (300)
[2023.08.20-15.34.48:055][214]LogModuleManager: Shutting down and abandoning module ProceduralMeshComponentEditor (298)
[2023.08.20-15.34.48:055][214]LogModuleManager: Shutting down and abandoning module ProceduralMeshComponent (296)
[2023.08.20-15.34.48:055][214]LogModuleManager: Shutting down and abandoning module OculusLibrary (294)
[2023.08.20-15.34.48:055][214]LogModuleManager: Shutting down and abandoning module OculusInput (292)
[2023.08.20-15.34.48:055][214]LogModuleManager: Shutting down and abandoning module MobilePatchingUtils (290)
[2023.08.20-15.34.48:055][214]LogModuleManager: Shutting down and abandoning module CustomMeshComponent (288)
[2023.08.20-15.34.48:055][214]LogModuleManager: Shutting down and abandoning module CableComponent (286)
[2023.08.20-15.34.48:055][214]LogModuleManager: Shutting down and abandoning module ArchVisCharacter (284)
[2023.08.20-15.34.48:055][214]LogModuleManager: Shutting down and abandoning module MediaPlayerEditor (280)
[2023.08.20-15.34.48:055][214]LogModuleManager: Shutting down and abandoning module HTML5Networking (278)
[2023.08.20-15.34.48:055][214]LogModuleManager: Shutting down and abandoning module AlembicImporter (276)
[2023.08.20-15.34.48:055][214]LogModuleManager: Shutting down and abandoning module AlembicLibrary (275)
[2023.08.20-15.34.48:055][214]LogModuleManager: Shutting down and abandoning module GeometryCache (274)
[2023.08.20-15.34.48:055][214]LogModuleManager: Shutting down and abandoning module GeometryCacheEd (273)
[2023.08.20-15.34.48:055][214]LogModuleManager: Shutting down and abandoning module SuperSearchEditor (268)
[2023.08.20-15.34.48:055][214]LogModuleManager: Shutting down and abandoning module SuperSearch (267)
[2023.08.20-15.34.48:055][214]LogModuleManager: Shutting down and abandoning module SpeedTreeImporter (264)
[2023.08.20-15.34.48:055][214]LogModuleManager: Shutting down and abandoning module PluginBrowser (262)
[2023.08.20-15.34.48:055][214]LogModuleManager: Shutting down and abandoning module MobileLauncherProfileWizard (260)
[2023.08.20-15.34.48:056][214]LogModuleManager: Shutting down and abandoning module EpicSurvey (258)
[2023.08.20-15.34.48:056][214]LogModuleManager: Shutting down and abandoning module VisualStudioSourceCodeAccess (256)
[2023.08.20-15.34.48:056][214]LogModuleManager: Shutting down and abandoning module DesktopPlatform (255)
[2023.08.20-15.34.48:056][214]LogModuleManager: Shutting down and abandoning module UObjectPlugin (252)
[2023.08.20-15.34.48:056][214]LogModuleManager: Shutting down and abandoning module SubversionSourceControl (250)
[2023.08.20-15.34.48:056][214]LogModuleManager: Shutting down and abandoning module PerforceSourceControl (248)
[2023.08.20-15.34.48:056][214]LogModuleManager: Shutting down and abandoning module GitSourceControl (246)
[2023.08.20-15.34.48:056][214]LogModuleManager: Shutting down and abandoning module SourceControl (245)
[2023.08.20-15.34.48:056][214]LogModuleManager: Shutting down and abandoning module LightPropagationVolumeEditor (242)
[2023.08.20-15.34.48:056][214]LogModuleManager: Shutting down and abandoning module PaperTiledImporter (240)
[2023.08.20-15.34.48:056][214]LogModuleManager: Shutting down and abandoning module PaperSpriteSheetImporter (238)
[2023.08.20-15.34.48:056][214]LogModuleManager: Shutting down and abandoning module Paper2DEditor (236)
[2023.08.20-15.34.48:056][214]LogModuleManager: Shutting down and abandoning module MeshPaint (235)
[2023.08.20-15.34.48:056][214]LogModuleManager: Shutting down and abandoning module LevelEditor (233)
[2023.08.20-15.34.48:056][214]LogModuleManager: Shutting down and abandoning module PixelInspectorModule (232)
[2023.08.20-15.34.48:056][214]LogModuleManager: Shutting down and abandoning module MainFrame (230)
[2023.08.20-15.34.48:056][214]LogModuleManager: Shutting down and abandoning module HotReload (229)
[2023.08.20-15.34.48:056][214]LogModuleManager: Shutting down and abandoning module ContentBrowser (225)
[2023.08.20-15.34.48:057][214]LogModuleManager: Shutting down and abandoning module PhysXVehiclesEditor (222)
[2023.08.20-15.34.48:057][214]LogModuleManager: Shutting down and abandoning module PhysXVehicles (220)
[2023.08.20-15.34.48:057][214]LogModuleManager: Shutting down and abandoning module LocationServicesBPLibrary (218)
[2023.08.20-15.34.48:057][214]LogModuleManager: Shutting down and abandoning module UdpMessaging (216)
[2023.08.20-15.34.48:157][214]LogModuleManager: Shutting down and abandoning module TcpMessaging (214)
[2023.08.20-15.34.48:258][214]LogModuleManager: Shutting down and abandoning module GameplayTagsEditor (212)
[2023.08.20-15.34.48:258][214]LogModuleManager: Shutting down and abandoning module FacialAnimationEditor (210)
[2023.08.20-15.34.48:258][214]LogModuleManager: Shutting down and abandoning module FacialAnimation (208)
[2023.08.20-15.34.48:258][214]LogModuleManager: Shutting down and abandoning module LightPropagationVolumeRuntime (206)
[2023.08.20-15.34.48:258][214]LogModuleManager: Shutting down and abandoning module Paper2D (204)
[2023.08.20-15.34.48:258][214]LogModuleManager: Shutting down and abandoning module WindowsMoviePlayer (202)
[2023.08.20-15.34.48:258][214]LogModuleManager: Shutting down and abandoning module WmfMedia (200)
[2023.08.20-15.34.48:260][214]LogModuleManager: Shutting down and abandoning module MfMedia (198)
[2023.08.20-15.34.48:260][214]LogModuleManager: Shutting down and abandoning module MediaAssets (196)
[2023.08.20-15.34.48:260][214]LogModuleManager: Shutting down and abandoning module GameLiveStreaming (194)
[2023.08.20-15.34.48:260][214]LogModuleManager: Shutting down and abandoning module VREditor (192)
[2023.08.20-15.34.48:260][214]LogModuleManager: Shutting down and abandoning module GameplayTasksEditor (190)
[2023.08.20-15.34.48:260][214]LogModuleManager: Shutting down and abandoning module BehaviorTreeEditor (188)
[2023.08.20-15.34.48:260][214]LogModuleManager: Shutting down and abandoning module FunctionalTesting (186)
[2023.08.20-15.34.48:260][214]LogModuleManager: Shutting down and abandoning module CollisionAnalyzer (184)
[2023.08.20-15.34.48:260][214]LogModuleManager: Shutting down and abandoning module UMG (182)
[2023.08.20-15.34.48:260][214]LogModuleManager: Shutting down and abandoning module UMGEditor (181)
[2023.08.20-15.34.48:260][214]LogModuleManager: Shutting down and abandoning module Sequencer (180)
[2023.08.20-15.34.48:260][214]LogModuleManager: Shutting down and abandoning module AssetTools (178)
[2023.08.20-15.34.48:260][214]LogModuleManager: Shutting down and abandoning module MessageLog (177)
[2023.08.20-15.34.48:260][214]LogModuleManager: Shutting down and abandoning module WorkspaceMenuStructure (176)
[2023.08.20-15.34.48:260][214]LogModuleManager: Shutting down and abandoning module SlateReflector (170)
[2023.08.20-15.34.48:260][214]LogModuleManager: Shutting down and abandoning module Slate (168)
[2023.08.20-15.34.48:260][214]LogModuleManager: Shutting down and abandoning module EditorStyle (166)
[2023.08.20-15.34.48:261][214]LogModuleManager: Shutting down and abandoning module SourceCodeAccess (164)
[2023.08.20-15.34.48:261][214]LogModuleManager: Shutting down and abandoning module HeadMountedDisplay (162)
[2023.08.20-15.34.48:261][214]LogModuleManager: Shutting down and abandoning module XAudio2 (160)
[2023.08.20-15.34.48:261][214]LogModuleManager: Shutting down and abandoning module Networking (158)
[2023.08.20-15.34.48:261][214]LogModuleManager: Shutting down and abandoning module Core (154)
[2023.08.20-15.34.48:261][214]LogModuleManager: Shutting down and abandoning module AssetRegistry (152)
[2023.08.20-15.34.48:366][214]LogDirectoryWatcher: A directory notification for '../../../Engine/Content/' was aborted.
[2023.08.20-15.34.48:366][214]LogDirectoryWatcher: A directory notification for '../../../../../unrealcloud/AdvancedFresnelSegment/AdvancedFresnelSegment/AdvFresnelSegment/Content/' was aborted.
[2023.08.20-15.34.48:366][214]LogDirectoryWatcher: A directory notification for '../../../Engine/Plugins/2D/Paper2D/Content/' was aborted.
[2023.08.20-15.34.48:366][214]LogModuleManager: Shutting down and abandoning module DirectoryWatcher (151)
[2023.08.20-15.34.48:367][214]LogModuleManager: Shutting down and abandoning module KismetCompiler (148)
[2023.08.20-15.34.48:367][214]LogModuleManager: Shutting down and abandoning module PhysXFormats (146)
[2023.08.20-15.34.48:367][214]LogModuleManager: Shutting down and abandoning module MeshUtilities (144)
[2023.08.20-15.34.48:367][214]LogModuleManager: Shutting down and abandoning module SimplygonSwarm (143)
[2023.08.20-15.34.48:367][214]LogModuleManager: Shutting down and abandoning module SimplygonMeshReduction (141)
[2023.08.20-15.34.48:367][214]LogModuleManager: Shutting down and abandoning module QuadricMeshReduction (139)
[2023.08.20-15.34.48:367][214]LogModuleManager: Shutting down and abandoning module PropertyEditor (137)
[2023.08.20-15.34.48:367][214]LogModuleManager: Shutting down and abandoning module DerivedDataCache (134)
[2023.08.20-15.34.48:414][214]LogDerivedDataCache: Shutdown
[2023.08.20-15.34.48:414][214]LogModuleManager: Shutting down and abandoning module TargetPlatform (132)
[2023.08.20-15.34.48:414][214]LogModuleManager: Shutting down and abandoning module VulkanShaderFormat (131)
[2023.08.20-15.34.48:414][214]LogModuleManager: Shutting down and abandoning module ShaderFormatOpenGL (129)
[2023.08.20-15.34.48:414][214]LogModuleManager: Shutting down and abandoning module ShaderFormatD3D (127)
[2023.08.20-15.34.48:414][214]LogModuleManager: Shutting down and abandoning module MetalShaderFormat (125)
[2023.08.20-15.34.48:414][214]LogModuleManager: Shutting down and abandoning module TextureFormatUncompressed (123)
[2023.08.20-15.34.48:414][214]LogModuleManager: Shutting down and abandoning module TextureFormatPVR (121)
[2023.08.20-15.34.48:414][214]LogModuleManager: Shutting down and abandoning module TextureFormatDXT (119)
[2023.08.20-15.34.48:414][214]LogModuleManager: Shutting down and abandoning module TextureFormatIntelISPCTexComp (117)
[2023.08.20-15.34.48:414][214]LogModuleManager: Shutting down and abandoning module TextureFormatASTC (115)
[2023.08.20-15.34.48:414][214]LogModuleManager: Shutting down and abandoning module ImageWrapper (114)
[2023.08.20-15.34.48:414][214]LogModuleManager: Shutting down and abandoning module TextureFormatAndroid (111)
[2023.08.20-15.34.48:414][214]LogModuleManager: Shutting down and abandoning module AudioFormatOpus (109)
[2023.08.20-15.34.48:414][214]LogModuleManager: Shutting down and abandoning module AudioFormatOgg (107)
[2023.08.20-15.34.48:414][214]LogModuleManager: Shutting down and abandoning module AudioFormatADPCM (105)
[2023.08.20-15.34.48:414][214]LogModuleManager: Shutting down and abandoning module LinuxTargetPlatform (103)
[2023.08.20-15.34.48:414][214]LogModuleManager: Shutting down and abandoning module LinuxServerTargetPlatform (101)
[2023.08.20-15.34.48:414][214]LogModuleManager: Shutting down and abandoning module LinuxNoEditorTargetPlatform (99)
[2023.08.20-15.34.48:414][214]LogModuleManager: Shutting down and abandoning module LinuxClientTargetPlatform (97)
[2023.08.20-15.34.48:414][214]LogModuleManager: Shutting down and abandoning module TVOSTargetPlatform (95)
[2023.08.20-15.34.48:414][214]LogModuleManager: Shutting down and abandoning module Messaging (93)
[2023.08.20-15.34.48:414][214]LogModuleManager: Shutting down and abandoning module IOSTargetPlatform (91)
[2023.08.20-15.34.48:414][214]LogModuleManager: Shutting down and abandoning module HTML5TargetPlatform (89)
[2023.08.20-15.34.48:414][214]LogModuleManager: Shutting down and abandoning module Android_PVRTCTargetPlatform (87)
[2023.08.20-15.34.48:414][214]LogModuleManager: Shutting down and abandoning module Android_MultiTargetPlatform (85)
[2023.08.20-15.34.48:414][214]LogModuleManager: Shutting down and abandoning module Android_ETC2TargetPlatform (83)
[2023.08.20-15.34.48:414][214]LogModuleManager: Shutting down and abandoning module Android_ETC1TargetPlatform (81)
[2023.08.20-15.34.48:414][214]LogModuleManager: Shutting down and abandoning module Android_DXTTargetPlatform (79)
[2023.08.20-15.34.48:414][214]LogModuleManager: Shutting down and abandoning module Android_ATCTargetPlatform (77)
[2023.08.20-15.34.48:414][214]LogModuleManager: Shutting down and abandoning module Android_ASTCTargetPlatform (75)
[2023.08.20-15.34.48:414][214]LogModuleManager: Shutting down and abandoning module AndroidTargetPlatform (73)
[2023.08.20-15.34.48:414][214]LogModuleManager: Shutting down and abandoning module WindowsTargetPlatform (71)
[2023.08.20-15.34.48:414][214]LogModuleManager: Shutting down and abandoning module WindowsServerTargetPlatform (69)
[2023.08.20-15.34.48:414][214]LogModuleManager: Shutting down and abandoning module WindowsNoEditorTargetPlatform (67)
[2023.08.20-15.34.48:414][214]LogModuleManager: Shutting down and abandoning module WindowsClientTargetPlatform (65)
[2023.08.20-15.34.48:414][214]LogModuleManager: Shutting down and abandoning module MacTargetPlatform (63)
[2023.08.20-15.34.48:414][214]LogModuleManager: Shutting down and abandoning module MacServerTargetPlatform (61)
[2023.08.20-15.34.48:414][214]LogModuleManager: Shutting down and abandoning module MacNoEditorTargetPlatform (59)
[2023.08.20-15.34.48:414][214]LogModuleManager: Shutting down and abandoning module MacClientTargetPlatform (57)
[2023.08.20-15.34.48:414][214]LogModuleManager: Shutting down and abandoning module AllDesktopTargetPlatform (55)
[2023.08.20-15.34.48:414][214]LogModuleManager: Shutting down and abandoning module InputCore (52)
[2023.08.20-15.34.48:414][214]LogModuleManager: Shutting down and abandoning module Settings (50)
[2023.08.20-15.34.48:414][214]LogModuleManager: Shutting down and abandoning module OculusRift (48)
[2023.08.20-15.34.48:414][214]LogModuleManager: Shutting down and abandoning module GearVR (46)
[2023.08.20-15.34.48:414][214]LogModuleManager: Shutting down and abandoning module ExampleDeviceProfileSelector (44)
[2023.08.20-15.34.48:414][214]LogModuleManager: Shutting down and abandoning module OnlineBlueprintSupport (42)
[2023.08.20-15.34.48:414][214]LogModuleManager: Shutting down and abandoning module OnlineSubsystem (38)
[2023.08.20-15.34.48:414][214]LogOnline:Display: Unloading online subsystem: NULL
[2023.08.20-15.34.48:414][214]LogModuleManager: Shutting down and abandoning module XMPP (37)
[2023.08.20-15.34.48:414][214]LogModuleManager: Shutting down and abandoning module HTTP (35)
[2023.08.20-15.34.48:414][214]LogHttp:Display: Http module shutting down, but needs to wait on 1 outstanding Http requests:
[2023.08.20-15.34.48:414][214]LogHttp:Display: 	verb=[POST] url=[https://datarouter.ol.epicgames.com/datarouter/api/v1/public/data?SessionID=%7BB303A792-4397-8C2A-6E39-B5B8331ECA75%7D&AppID=UEEditor.Rocket.Release&AppVersion=4.15.3-3450819%2B%2B%2BUE4%2BRelease-4.15&UserID=2b6c1de74d0caae449a555a49b0d1b68%7C7fff7a6d1aea425e8b8762a5aa1891f9%7C909e13c8-e5bd-4074-a206-b21fe18e9311&AppEnvironment=datacollector-binary&UploadType=eteventstream] status=Processing
[2023.08.20-15.34.48:436][214]LogModuleManager: Shutting down and abandoning module SSL (34)
[2023.08.20-15.34.48:437][214]LogModuleManager: Shutting down and abandoning module AudioEditor (30)
[2023.08.20-15.34.48:437][214]LogModuleManager: Shutting down and abandoning module TextureCompressor (28)
[2023.08.20-15.34.48:437][214]LogModuleManager: Shutting down and abandoning module ShaderCore (26)
[2023.08.20-15.34.48:437][214]LogModuleManager: Shutting down and abandoning module Landscape (24)
[2023.08.20-15.34.48:437][214]LogModuleManager: Shutting down and abandoning module SlateRHIRenderer (22)
[2023.08.20-15.34.48:438][214]LogModuleManager: Shutting down and abandoning module OpenGLDrv (20)
[2023.08.20-15.34.48:438][214]LogModuleManager: Shutting down and abandoning module D3D11RHI (18)
[2023.08.20-15.34.48:438][214]LogModuleManager: Shutting down and abandoning module AnimGraphRuntime (16)
[2023.08.20-15.34.48:438][214]LogModuleManager: Shutting down and abandoning module Renderer (14)
[2023.08.20-15.34.48:438][214]LogModuleManager: Shutting down and abandoning module Engine (12)
[2023.08.20-15.34.48:438][214]LogModuleManager: Shutting down and abandoning module CoreUObject (10)
[2023.08.20-15.34.48:438][214]LogModuleManager: Shutting down and abandoning module NetworkFile (8)
[2023.08.20-15.34.48:438][214]LogModuleManager: Shutting down and abandoning module StreamingFile (6)
[2023.08.20-15.34.48:438][214]LogModuleManager: Shutting down and abandoning module SandboxFile (4)
[2023.08.20-15.34.48:438][214]LogModuleManager: Shutting down and abandoning module PakFile (2)
[2023.08.20-15.34.48:440][214]LogExit: Exiting.
[2023.08.20-15.34.48:443][214]Log file closed, 08/20/23 11:34:48
